[debug] [2021-03-08T21:25:55.117Z] ----------------------------------------------------------------------
[debug] [2021-03-08T21:25:55.118Z] Command:       C:\Program Files\nodejs\node.exe C:\Users\super\AppData\Local\Yarn\Data\global\node_modules\firebase-tools\lib\bin\firebase.js init
[debug] [2021-03-08T21:25:55.119Z] CLI Version:   9.6.0
[debug] [2021-03-08T21:25:55.119Z] Platform:      win32
[debug] [2021-03-08T21:25:55.119Z] Node Version:  v15.4.0
[debug] [2021-03-08T21:25:55.120Z] Time:          Mon Mar 08 2021 22:25:55 GMT+0100 (GMT+01:00)
[debug] [2021-03-08T21:25:55.120Z] ----------------------------------------------------------------------
[debug] [2021-03-08T21:25:55.120Z] 
[debug] [2021-03-08T21:25:55.129Z] > command requires scopes: ["email","openid","https://www.googleapis.com/auth/cloudplatformprojects.readonly","https://www.googleapis.com/auth/firebase","https://www.googleapis.com/auth/cloud-platform"]
[debug] [2021-03-08T21:25:55.130Z] > authorizing via signed-in user
[info] 
     ######## #### ########  ######## ########     ###     ######  ########
     ##        ##  ##     ## ##       ##     ##  ##   ##  ##       ##
     ######    ##  ########  ######   ########  #########  ######  ######
     ##        ##  ##    ##  ##       ##     ## ##     ##       ## ##
     ##       #### ##     ## ######## ########  ##     ##  ######  ########

You're about to initialize a Firebase project in this directory:

  F:\Dokumente\repos\my\stonkz

[info] 
=== Project Setup
[info] 
[info] First, let's associate this project directory with a Firebase project.
[info] You can create multiple project aliases by running firebase use --add, 
[info] but for now we'll just set up a default project.
[info] 
[debug] [2021-03-08T21:26:03.339Z] >>> [apiv2][query] GET https://firebase.googleapis.com/v1beta1/projects pageSize=100
[debug] [2021-03-08T21:26:03.790Z] <<< [apiv2][status] GET https://firebase.googleapis.com/v1beta1/projects 200
[debug] [2021-03-08T21:26:03.790Z] <<< [apiv2][body] GET https://firebase.googleapis.com/v1beta1/projects [omitted]
[info] i  Using project stonkz-30893 (stonkz) 
[info] 
=== Hosting Setup
[info] 
[info] Your public directory is the folder (relative to your project directory) that
[info] will contain Hosting assets to be uploaded with firebase deploy. If you
[info] have a build process for your assets, use your build's output directory.
[info] 
